[debug] [2022-02-02T11:01:10.530Z] ----------------------------------------------------------------------
[debug] [2022-02-02T11:01:10.532Z] Command:       C:\Program Files\nodejs\node.exe C:\Users\Admin\AppData\Roaming\npm\node_modules\firebase-tools\lib\bin\firebase.js init
[debug] [2022-02-02T11:01:10.532Z] CLI Version:   10.1.4
[debug] [2022-02-02T11:01:10.532Z] Platform:      win32
[debug] [2022-02-02T11:01:10.532Z] Node Version:  v14.17.1
[debug] [2022-02-02T11:01:10.533Z] Time:          Wed Feb 02 2022 16:31:10 GMT+0530 (India Standard Time)
[debug] [2022-02-02T11:01:10.533Z] ----------------------------------------------------------------------
[debug] 
[debug] [2022-02-02T11:01:10.540Z] > command requires scopes: ["email","openid","https://www.googleapis.com/auth/cloudplatformprojects.readonly","https://www.googleapis.com/auth/firebase","https://www.googleapis.com/auth/cloud-platform"]
[debug] [2022-02-02T11:01:10.540Z] > authorizing via signed-in user (dharmipatel567@gmail.com)
[info] 
     ######## #### ########  ######## ########     ###     ######  ########
     ##        ##  ##     ## ##       ##     ##  ##   ##  ##       ##
     ######    ##  ########  ######   ########  #########  ######  ######
     ##        ##  ##    ##  ##       ##     ## ##     ##       ## ##
     ##       #### ##     ## ######## ########  ##     ##  ######  ########

You're about to initialize a Firebase project in this directory:

  C:\Users\Admin\Desktop\Tasky

[info] 
=== Project Setup
[info] 
[info] First, let's associate this project directory with a Firebase project.
[info] You can create multiple project aliases by running firebase use --add, 
[info] but for now we'll just set up a default project.
[info] 
[debug] [2022-02-02T11:01:17.538Z] >>> [apiv2][query] GET https://firebase.googleapis.com/v1beta1/projects pageSize=100
[debug] [2022-02-02T11:01:18.313Z] <<< [apiv2][status] GET https://firebase.googleapis.com/v1beta1/projects 200
[debug] [2022-02-02T11:01:18.313Z] <<< [apiv2][body] GET https://firebase.googleapis.com/v1beta1/projects [omitted]
[info] i  Using project tasky-53294 (Tasky) 
[info] 
=== Hosting Setup
[info] 
[info] Your public directory is the folder (relative to your project directory) that
[info] will contain Hosting assets to be uploaded with firebase deploy. If you
[info] have a build process for your assets, use your build's output directory.
[info] 
